<?xml version="1.0" encoding="UTF-8"?>
<!-- Generated by org.testng.reporters.JUnitXMLReporter -->
<testsuite ignored="0" hostname="LAPTOP-ML17SCL7" failures="0" tests="3" name="Test" time="8.477" errors="0" timestamp="2023-01-04T14:03:45 IST">
  <testcase classname="com.SauceDemo.TestPackage.TC02_LogoutFunctionality" name="logoutFuntionalityTest" time="0.271"/>
  <testcase classname="com.SauceDemo.TestPackage.TC03_AddAllProdToCart" name="addAllProdtoCart" time="0.324"/>
  <testcase classname="com.SauceDemo.TestPackage.TC01_Loginfunctionality" name="verifyLoginFunctionality" time="0.009"/>
</testsuite> <!-- Test -->
