<?xml version="1.0" encoding="UTF-8"?>
<testng-results ignored="0" total="3" passed="3" failed="0" skipped="0">
  <reporter-output>
  </reporter-output>
  <suite started-at="2023-01-04T14:03:37 IST" name="Suite" finished-at="2023-01-04T14:03:45 IST" duration-ms="8477">
    <groups>
    </groups>
    <test started-at="2023-01-04T14:03:37 IST" name="Test" finished-at="2023-01-04T14:03:45 IST" duration-ms="8477">
      <class name="com.SauceDemo.TestPackage.TC01_Loginfunctionality">
        <test-method is-config="true" signature="setUp()[pri:0, instance:com.SauceDemo.TestPackage.TC01_Loginfunctionality@2f217633]" started-at="2023-01-04T14:03:43 IST" name="setUp" finished-at="2023-01-04T14:03:45 IST" duration-ms="1517" status="PASS">
          <reporter-output>
          </reporter-output>
        </test-method> <!-- setUp -->
        <test-method signature="verifyLoginFunctionality()[pri:0, instance:com.SauceDemo.TestPackage.TC01_Loginfunctionality@2f217633]" started-at="2023-01-04T14:03:45 IST" name="verifyLoginFunctionality" finished-at="2023-01-04T14:03:45 IST" duration-ms="9" status="PASS">
          <reporter-output>
          </reporter-output>
        </test-method> <!-- verifyLoginFunctionality -->
        <test-method is-config="true" signature="tearDown()[pri:0, instance:com.SauceDemo.TestPackage.TC01_Loginfunctionality@2f217633]" started-at="2023-01-04T14:03:45 IST" name="tearDown" finished-at="2023-01-04T14:03:45 IST" duration-ms="142" status="PASS">
          <reporter-output>
          </reporter-output>
        </test-method> <!-- tearDown -->
      </class> <!-- com.SauceDemo.TestPackage.TC01_Loginfunctionality -->
      <class name="com.SauceDemo.TestPackage.TC02_LogoutFunctionality">
        <test-method is-config="true" signature="setUp()[pri:0, instance:com.SauceDemo.TestPackage.TC02_LogoutFunctionality@7ea9e1e2]" started-at="2023-01-04T14:03:37 IST" name="setUp" finished-at="2023-01-04T14:03:41 IST" duration-ms="4257" status="PASS">
          <reporter-output>
          </reporter-output>
        </test-method> <!-- setUp -->
        <test-method signature="logoutFuntionalityTest()[pri:0, instance:com.SauceDemo.TestPackage.TC02_LogoutFunctionality@7ea9e1e2]" started-at="2023-01-04T14:03:41 IST" name="logoutFuntionalityTest" finished-at="2023-01-04T14:03:41 IST" duration-ms="271" status="PASS">
          <reporter-output>
          </reporter-output>
        </test-method> <!-- logoutFuntionalityTest -->
        <test-method is-config="true" signature="tearDown()[pri:0, instance:com.SauceDemo.TestPackage.TC02_LogoutFunctionality@7ea9e1e2]" started-at="2023-01-04T14:03:41 IST" name="tearDown" finished-at="2023-01-04T14:03:41 IST" duration-ms="166" status="PASS">
          <reporter-output>
          </reporter-output>
        </test-method> <!-- tearDown -->
      </class> <!-- com.SauceDemo.TestPackage.TC02_LogoutFunctionality -->
      <class name="com.SauceDemo.TestPackage.TC03_AddAllProdToCart">
        <test-method is-config="true" signature="setUp()[pri:0, instance:com.SauceDemo.TestPackage.TC03_AddAllProdToCart@48f278eb]" started-at="2023-01-04T14:03:41 IST" name="setUp" finished-at="2023-01-04T14:03:43 IST" duration-ms="1580" status="PASS">
          <reporter-output>
          </reporter-output>
        </test-method> <!-- setUp -->
        <test-method signature="addAllProdtoCart()[pri:0, instance:com.SauceDemo.TestPackage.TC03_AddAllProdToCart@48f278eb]" started-at="2023-01-04T14:03:43 IST" name="addAllProdtoCart" finished-at="2023-01-04T14:03:43 IST" duration-ms="324" status="PASS">
          <reporter-output>
          </reporter-output>
        </test-method> <!-- addAllProdtoCart -->
        <test-method is-config="true" signature="tearDown()[pri:0, instance:com.SauceDemo.TestPackage.TC03_AddAllProdToCart@48f278eb]" started-at="2023-01-04T14:03:43 IST" name="tearDown" finished-at="2023-01-04T14:03:43 IST" duration-ms="164" status="PASS">
          <reporter-output>
          </reporter-output>
        </test-method> <!-- tearDown -->
      </class> <!-- com.SauceDemo.TestPackage.TC03_AddAllProdToCart -->
    </test> <!-- Test -->
  </suite> <!-- Suite -->
</testng-results>
